<?xml version="1.0" encoding="UTF-8"?>
<!-- Generated by org.testng.reporters.JUnitReportReporter -->
<testsuite hostname="DESKTOP-K33JL3G" failures="0" tests="2" name="tests.LoginTest" time="14.470" errors="0" timestamp="08 Jun 2021 17:35:08 GMT" skipped="0">
  <testcase classname="tests.LoginTest" name="Screnshoot" time="6.215"/>
  <testcase classname="tests.LoginTest" name="LoginTest" time="8.255"/>
</testsuite> <!-- tests.LoginTest -->
