<?xml version="1.0" encoding="UTF-8"?>
<!-- Generated by org.testng.reporters.JUnitReportReporter -->
<testsuite hostname="DESKTOP-K33JL3G" failures="0" tests="3" name="tests.StaffTests" time="47.084" errors="0" timestamp="08 Jun 2021 18:23:51 GMT" skipped="0">
  <testcase classname="tests.StaffTests" name="AddEmployeeTest" time="20.853"/>
  <testcase classname="tests.StaffTests" name="changeNameTest" time="17.699"/>
  <testcase classname="tests.StaffTests" name="multipleEmployeesTest" time="8.532"/>
</testsuite> <!-- tests.StaffTests -->
