<?xml version="1.0" encoding="UTF-8"?>
<!-- Generated by org.testng.reporters.JUnitReportReporter -->
<testsuite hostname="DESKTOP-K33JL3G" failures="0" tests="2" name="tests.SettingsTests" time="19.549" errors="0" timestamp="08 Jun 2021 17:36:30 GMT" skipped="0">
  <testcase classname="tests.SettingsTests" name="languageChangeTest" time="16.327"/>
  <testcase classname="tests.SettingsTests" name="disableNotifications" time="3.222"/>
</testsuite> <!-- tests.SettingsTests -->
