<?xml version="1.0" encoding="UTF-8"?>
<!-- Generated by org.testng.reporters.JUnitReportReporter -->
<testsuite hostname="DESKTOP-K33JL3G" failures="0" tests="9" name="tests.MainPageTests" time="30.080" errors="0" timestamp="08 Jun 2021 17:35:58 GMT" skipped="0">
  <testcase classname="tests.MainPageTests" name="shiftPlanningBthTest" time="11.310"/>
  <testcase classname="tests.MainPageTests" name="dashboardBtnTest" time="0.216"/>
  <testcase classname="tests.MainPageTests" name="timeClockBtnTest" time="0.141"/>
  <testcase classname="tests.MainPageTests" name="leaveBtnTest" time="0.190"/>
  <testcase classname="tests.MainPageTests" name="trainingTest" time="0.173"/>
  <testcase classname="tests.MainPageTests" name="staffTest" time="0.182"/>
  <testcase classname="tests.MainPageTests" name="payrollBtn" time="0.143"/>
  <testcase classname="tests.MainPageTests" name="reportsBtn" time="0.139"/>
  <testcase classname="tests.MainPageTests" name="availabilityTest" time="17.586"/>
</testsuite> <!-- tests.MainPageTests -->
